0 info it worked if it ends with ok
1 verbose cli [ 'C:\\Program Files\\nodejs\\node.exe',
1 verbose cli   'C:\\Program Files\\nodejs\\node_modules\\npm\\bin\\npm-cli.js',
1 verbose cli   'run',
1 verbose cli   'dev' ]
2 info using npm@3.8.9
3 info using node@v6.2.0
4 verbose run-script [ 'predev', 'dev', 'postdev' ]
5 info lifecycle react-swagger@0.0.1~predev: react-swagger@0.0.1
6 silly lifecycle react-swagger@0.0.1~predev: no script for predev, continuing
7 info lifecycle react-swagger@0.0.1~dev: react-swagger@0.0.1
8 verbose lifecycle react-swagger@0.0.1~dev: unsafe-perm in lifecycle true
9 verbose lifecycle react-swagger@0.0.1~dev: PATH: C:\Program Files\nodejs\node_modules\npm\bin\node-gyp-bin;D:\projects\travel\react-swagger\node_modules\.bin;C:\Program Files\nodejs;D:\tools\cmder\bin;C:\Program Files\Git\bin;C:\Program Files\Git\usr\bin;C:\Program Files\Git\share\vim\vim74;D:\tools\cmder\vendor\conemu-maximus5\ConEmu\Scripts;D:\tools\cmder\bin;D:\tools\cmder\vendor\conemu-maximus5\ConEmu\Scripts;D:\tools\cmder\vendor\conemu-maximus5;D:\tools\cmder\vendor\conemu-maximus5\ConEmu;C:\Program Files (x86)\MSBuild\12.0\Bin;C:\ProgramData\Oracle\Java\javapath;C:\tools\ruby23\bin;C:\msys64\usr\bin;C:\Users\kerlang\AppData\Local\atom;C:\Program Files (x86)\Microsoft VS Code;C:\Program Files\Sublime Text 3;D:\tools\rebar3;D:\tools\rebar;C:\Program Files\erl8.0\bin;C:\Program Files\erl8.0;C:\Windows\system32;C:\Windows;C:\Windows\System32\Wbem;C:\Windows\System32\WindowsPowerShell\v1.0\;C:\Program Files\nodejs\;C:\Users\kerlang\.dnx\bin;C:\Program Files\Microsoft DNX\Dnvm\;C:\Program Files\Microsoft SQL Server\120\Tools\Binn\;C:\Program Files\Microsoft SQL Server\130\Tools\Binn\;C:\Program Files (x86)\Windows Kits\10\Windows Performance Toolkit\;C:\Program Files (x86)\Microsoft Emulator Manager\1.0\;C:\Program Files\TortoiseSVN\bin;C:\Program Files (x86)\VisualSVN\bin;C:\Program Files (x86)\Microsoft SQL Server\110\Tools\Binn\ManagementStudio\;C:\Program Files (x86)\Microsoft SQL Server\110\Tools\Binn\;C:\Program Files (x86)\Microsoft SQL Server\110\DTS\Binn\;C:\ProgramData\chocolatey\bin;C:\Program Files (x86)\vim\vim74;C:\tools\python2;C:\Program Files (x86)\Skype\Phone\;C:\Program Files (x86)\Heroku\bin;C:\Program Files (x86)\git\cmd;C:\Program Files (x86)\QuickTime\QTSystem\;C:\ProgramData\ComposerSetup\bin;C:\Users\kerlang\.dnx\runtimes\dnx-clr-win-x86.1.0.0-rc2-20221\bin;C:\Users\kerlang\AppData\Roaming\npm;C:\Program Files (x86)\Microsoft VS Code\bin;C:\Users\kerlang\AppData\Local\atom\bin;C:\Users\kerlang\AppData\Local\.meteor\;C:\tools\php;C:\Users\kerlang\AppData\Roaming\Composer\vendor\bin;D:\tools\cmder;C:\ProgramData\chocolatey\lib\Elixir/bin;C:\Program Files\Git\cmd;C:\Program Files\Microsoft\Web Platform Installer\;C:\Program Files (x86)\Microsoft SQL Server\120\DTS\Binn\;C:\Program Files (x86)\Microsoft SQL Server\130\DTS\Binn\;C:\Program Files\dotnet\;C:\Program Files\Microsoft SQL Server\110\Tools\Binn\;C:\Program Files\Microsoft SQL Server\110\DTS\Binn\;C:\tools\mysql\current\bin;C:\Program Files\kdiff3;D:\tools\cmder
10 verbose lifecycle react-swagger@0.0.1~dev: CWD: D:\projects\travel\react-swagger
11 silly lifecycle react-swagger@0.0.1~dev: Args: [ '/d /s /c', 'gulp' ]
12 silly lifecycle react-swagger@0.0.1~dev: Returned: code: 1  signal: null
13 info lifecycle react-swagger@0.0.1~dev: Failed to exec dev script
14 verbose stack Error: react-swagger@0.0.1 dev: `gulp`
14 verbose stack Exit status 1
14 verbose stack     at EventEmitter.<anonymous> (C:\Program Files\nodejs\node_modules\npm\lib\utils\lifecycle.js:245:16)
14 verbose stack     at emitTwo (events.js:106:13)
14 verbose stack     at EventEmitter.emit (events.js:191:7)
14 verbose stack     at ChildProcess.<anonymous> (C:\Program Files\nodejs\node_modules\npm\lib\utils\spawn.js:24:14)
14 verbose stack     at emitTwo (events.js:106:13)
14 verbose stack     at ChildProcess.emit (events.js:191:7)
14 verbose stack     at maybeClose (internal/child_process.js:850:16)
14 verbose stack     at Process.ChildProcess._handle.onexit (internal/child_process.js:215:5)
15 verbose pkgid react-swagger@0.0.1
16 verbose cwd D:\projects\travel\react-swagger
17 error Windows_NT 10.0.10586
18 error argv "C:\\Program Files\\nodejs\\node.exe" "C:\\Program Files\\nodejs\\node_modules\\npm\\bin\\npm-cli.js" "run" "dev"
19 error node v6.2.0
20 error npm  v3.8.9
21 error code ELIFECYCLE
22 error react-swagger@0.0.1 dev: `gulp`
22 error Exit status 1
23 error Failed at the react-swagger@0.0.1 dev script 'gulp'.
23 error Make sure you have the latest version of node.js and npm installed.
23 error If you do, this is most likely a problem with the react-swagger package,
23 error not with npm itself.
23 error Tell the author that this fails on your system:
23 error     gulp
23 error You can get information on how to open an issue for this project with:
23 error     npm bugs react-swagger
23 error Or if that isn't available, you can get their info via:
23 error     npm owner ls react-swagger
23 error There is likely additional logging output above.
24 verbose exit [ 1, true ]
